Vivado Simulator v2023.2
Copyright 1986-2022 Xilinx, Inc. All Rights Reserved.
Copyright 2022-2023 Advanced Micro Devices, Inc. All Rights Reserved.
Running: E:/vhdl/Vivado/2023.2/bin/unwrapped/win64.o/xelab.exe --incr --debug typical --relax --mt 2 -L xil_defaultlib -L unisims_ver -L unimacro_ver -L secureip --snapshot CPU16_tb_moduler_behav xil_defaultlib.CPU16_tb_moduler xil_defaultlib.glbl -log elaborate.log 
Using 2 slave threads.
Starting static elaboration
Pass Through NonSizing Optimizer
WARNING: [VRFC 10-3091] actual bit length 16 differs from formal bit length 32 for port 'result' [E:/vhdl programs/CPU16modular/CPU16modular.srcs/sources_1/new/CPU16.v:58]
Completed static elaboration
Starting simulation data flow analysis
Completed simulation data flow analysis
Time Resolution for simulation is 1ps
Compiling module xil_defaultlib.instr_mem
Compiling module xil_defaultlib.reg_file
Compiling module xil_defaultlib.ALU16
Compiling module xil_defaultlib.NN
Compiling module xil_defaultlib.Mat_mul
Compiling module xil_defaultlib.MAC
Compiling module xil_defaultlib.CPU16
Compiling module xil_defaultlib.CPU16_tb_moduler
Compiling module xil_defaultlib.glbl
Built simulation snapshot CPU16_tb_moduler_behav
